#! /c/Source/iverilog-install/bin/vvp
:ivl_version "12.0 (devel)" "(s20150603-1539-g2693dd32b)";
:ivl_delay_selection "TYPICAL";
:vpi_time_precision - 12;
:vpi_module "C:\iverilog\lib\ivl\system.vpi";
:vpi_module "C:\iverilog\lib\ivl\vhdl_sys.vpi";
:vpi_module "C:\iverilog\lib\ivl\vhdl_textio.vpi";
:vpi_module "C:\iverilog\lib\ivl\v2005_math.vpi";
:vpi_module "C:\iverilog\lib\ivl\va_math.vpi";
:vpi_module "C:\iverilog\lib\ivl\v2009.vpi";
S_000002298b973330 .scope package, "$unit" "$unit" 2 1;
 .timescale 0 0;
S_000002298b972000 .scope package, "Axi_Bridge_fsm" "Axi_Bridge_fsm" 3 1;
 .timescale 0 0;
enum000002298b962bf0 .enum4 (2)
   "bridge_IDLE" 2'b00,
   "bridge_READ" 2'b01,
   "bridge_WRITE" 2'b10,
   "bridge_WAIT" 2'b11
 ;
S_000002298b972190 .scope module, "axi_tb" "axi_tb" 4 5;
 .timescale -9 -10;
P_000002298b96b840 .param/l "DATA_WIDTH" 0 4 6, +C4<00000000000000000000000000100000>;
v000002298b9cbc40_0 .var "ADDR_RAM_TO_CACHE", 11 0;
v000002298b9cbb00_0 .var "LOAD_TO_CACHE", 0 0;
v000002298b9cd040_0 .var "axi_ncir", 0 0;
v000002298b9cc820_0 .var "i_ARDATA", 31 0;
v000002298b9cc3c0_0 .var "i_ARVALID", 0 0;
v000002298b9cd2c0_0 .var "i_AWREADY", 0 0;
v000002298b9ccb40_0 .var "i_CALC_END", 0 0;
v000002298b9cc8c0_0 .net "i_DATA_FROM_RAM", 31 0, v000002298b9ca9b0_0;  1 drivers
v000002298b9cbe20_0 .var "i_RAM_ADDR", 11 0;
v000002298b9cbba0_0 .var "i_RAM_DATA", 31 0;
v000002298b9cc960_0 .var "i_SAMPLES_NUMBER", 11 0;
v000002298b9cc780_0 .var "i_clk", 0 0;
v000002298b9ccaa0_0 .var "i_rstn", 0 0;
v000002298b9cbce0_0 .net "o_ARBURST", 1 0, v000002298b9ca4b0_0;  1 drivers
v000002298b9cca00_0 .net "o_ARREADY", 0 0, v000002298b9ca550_0;  1 drivers
v000002298b9cc320_0 .net "o_AWBURST", 1 0, v000002298b9cacd0_0;  1 drivers
v000002298b9cd720_0 .net "o_AWDATA", 31 0, v000002298b9ca5f0_0;  1 drivers
v000002298b9cd220_0 .net "o_AWVALID", 0 0, v000002298b9ca910_0;  1 drivers
v000002298b9cd5e0_0 .net "o_DATA_LOADED", 0 0, v000002298b9caa50_0;  1 drivers
v000002298b9cc0a0_0 .net "o_RAM_DATA", 31 0, v000002298b9cb090_0;  1 drivers
v000002298b9cc280_0 .net "o_READ_ram", 0 0, v000002298b9caf50_0;  1 drivers
v000002298b9ccbe0_0 .net "o_SAMPLE_INDEX_ram", 11 0, v000002298b9caaf0_0;  1 drivers
v000002298b9ccd20_0 .net "o_SAMPLE_ram", 31 0, v000002298b9ca2d0_0;  1 drivers
v000002298b9cbec0_0 .net "o_WRITE_ram", 0 0, v000002298b9ca230_0;  1 drivers
E_000002298b96c140 .event negedge, v000002298b9ca140_0;
S_000002298b9598b0 .scope module, "uut" "Axi_Bridge" 4 31, 5 3 0, S_000002298b972190;
 .timescale 0 0;
    .port_info 0 /INPUT 1 "i_clk";
    .port_info 1 /INPUT 1 "i_rstn";
    .port_info 2 /INPUT 32 "i_ARDATA";
    .port_info 3 /INPUT 32 "i_DATA_FROM_RAM";
    .port_info 4 /INPUT 1 "i_ARVALID";
    .port_info 5 /INPUT 1 "i_AWREADY";
    .port_info 6 /INPUT 1 "i_CALC_END";
    .port_info 7 /INPUT 12 "i_SAMPLES_NUMBER";
    .port_info 8 /OUTPUT 1 "o_ARREADY";
    .port_info 9 /OUTPUT 1 "o_AWVALID";
    .port_info 10 /OUTPUT 1 "o_DATA_LOADED";
    .port_info 11 /OUTPUT 32 "o_AWDATA";
    .port_info 12 /OUTPUT 32 "o_SAMPLE_ram";
    .port_info 13 /OUTPUT 2 "o_AWBURST";
    .port_info 14 /OUTPUT 2 "o_ARBURST";
    .port_info 15 /OUTPUT 12 "o_SAMPLE_INDEX_ram";
    .port_info 16 /OUTPUT 1 "o_WRITE_ram";
    .port_info 17 /OUTPUT 1 "o_READ_ram";
P_000002298b96b680 .param/l "DATA_WIDTH" 0 5 4, +C4<00000000000000000000000000100000>;
v000002298b8fe080_0 .var/2u "cnt_clr", 0 0;
v000002298b951070_0 .var/2u "cnt_en", 0 0;
v000002298b951110_0 .net "i_ARDATA", 31 0, v000002298b9cc820_0;  1 drivers
v000002298b9511b0_0 .net "i_ARVALID", 0 0, v000002298b9cc3c0_0;  1 drivers
v000002298b951250_0 .net "i_AWREADY", 0 0, v000002298b9cd2c0_0;  1 drivers
v000002298b9c9f60_0 .net "i_CALC_END", 0 0, v000002298b9ccb40_0;  1 drivers
v000002298b9ca000_0 .net "i_DATA_FROM_RAM", 31 0, v000002298b9ca9b0_0;  alias, 1 drivers
v000002298b9ca0a0_0 .net "i_SAMPLES_NUMBER", 11 0, v000002298b9cc960_0;  1 drivers
v000002298b9ca140_0 .net "i_clk", 0 0, v000002298b9cc780_0;  1 drivers
v000002298b9ca410_0 .net "i_rstn", 0 0, v000002298b9ccaa0_0;  1 drivers
v000002298b9cac30_0 .var "index_cnt", 11 0;
v000002298b9ca7d0_0 .var "next_state", 1 0;
v000002298b9ca4b0_0 .var "o_ARBURST", 1 0;
v000002298b9ca550_0 .var "o_ARREADY", 0 0;
v000002298b9cacd0_0 .var "o_AWBURST", 1 0;
v000002298b9ca5f0_0 .var "o_AWDATA", 31 0;
v000002298b9ca910_0 .var "o_AWVALID", 0 0;
v000002298b9caa50_0 .var "o_DATA_LOADED", 0 0;
v000002298b9caf50_0 .var "o_READ_ram", 0 0;
v000002298b9caaf0_0 .var "o_SAMPLE_INDEX_ram", 11 0;
v000002298b9ca2d0_0 .var "o_SAMPLE_ram", 31 0;
v000002298b9ca230_0 .var "o_WRITE_ram", 0 0;
v000002298b9cab90_0 .var "state", 1 0;
E_000002298b96b340/0 .event anyedge, v000002298b9cab90_0, v000002298b9511b0_0, v000002298b9cac30_0, v000002298b951110_0;
E_000002298b96b340/1 .event anyedge, v000002298b9ca0a0_0, v000002298b9c9f60_0, v000002298b951250_0, v000002298b9ca000_0;
E_000002298b96b340 .event/or E_000002298b96b340/0, E_000002298b96b340/1;
E_000002298b96be80/0 .event negedge, v000002298b9ca410_0;
E_000002298b96be80/1 .event posedge, v000002298b9ca140_0;
E_000002298b96be80 .event/or E_000002298b96be80/0, E_000002298b96be80/1;
S_000002298b959b70 .scope begin, "p_fsm_comb" "p_fsm_comb" 5 40, 5 40 0, S_000002298b9598b0;
 .timescale 0 0;
S_000002298b950ee0 .scope begin, "p_fsm_sync" "p_fsm_sync" 5 24, 5 24 0, S_000002298b9598b0;
 .timescale 0 0;
S_000002298b9cb710 .scope module, "uut1" "RAM" 4 32, 6 3 0, S_000002298b972190;
 .timescale -9 -12;
    .port_info 0 /INPUT 32 "axi_data_in";
    .port_info 1 /INPUT 12 "axi_adr_in";
    .port_info 2 /INPUT 1 "axi_write";
    .port_info 3 /INPUT 1 "axi_read";
    .port_info 4 /OUTPUT 32 "axi_data_out";
    .port_info 5 /INPUT 32 "cir_data_in";
    .port_info 6 /INPUT 12 "cir_adr_in";
    .port_info 7 /INPUT 12 "read_ram_to_cache";
    .port_info 8 /OUTPUT 32 "cir_data_out";
    .port_info 9 /INPUT 1 "write_to_cache";
    .port_info 10 /INPUT 1 "mode";
    .port_info 11 /INPUT 1 "clk";
v000002298b9cb130 .array "MEM", 4095 0, 31 0;
v000002298b9ca690_0 .net "axi_adr_in", 11 0, v000002298b9caaf0_0;  alias, 1 drivers
v000002298b9ca730_0 .net "axi_data_in", 31 0, v000002298b9ca2d0_0;  alias, 1 drivers
v000002298b9ca9b0_0 .var "axi_data_out", 31 0;
v000002298b9cad70_0 .net "axi_read", 0 0, v000002298b9caf50_0;  alias, 1 drivers
v000002298b9cae10_0 .net "axi_write", 0 0, v000002298b9ca230_0;  alias, 1 drivers
v000002298b9caeb0_0 .net "cir_adr_in", 11 0, v000002298b9cbe20_0;  1 drivers
v000002298b9caff0_0 .net "cir_data_in", 31 0, v000002298b9cbba0_0;  1 drivers
v000002298b9cb090_0 .var "cir_data_out", 31 0;
v000002298b9ca370_0 .net "clk", 0 0, v000002298b9cc780_0;  alias, 1 drivers
v000002298b9ccc80_0 .net "mode", 0 0, v000002298b9cd040_0;  1 drivers
v000002298b9cba60_0 .net "read_ram_to_cache", 11 0, v000002298b9cbc40_0;  1 drivers
v000002298b9cd0e0_0 .net "write_to_cache", 0 0, v000002298b9cbb00_0;  1 drivers
E_000002298b96ba80 .event posedge, v000002298b9ca140_0;
    .scope S_000002298b9598b0;
T_0 ;
    %wait E_000002298b96be80;
    %fork t_1, S_000002298b950ee0;
    %jmp t_0;
    .scope S_000002298b950ee0;
t_1 ;
    %load/vec4 v000002298b9ca410_0;
    %inv;
    %flag_set/vec4 8;
    %jmp/0xz  T_0.0, 8;
    %pushi/vec4 0, 0, 2;
    %assign/vec4 v000002298b9cab90_0, 0;
    %pushi/vec4 0, 0, 12;
    %assign/vec4 v000002298b9cac30_0, 0;
    %jmp T_0.1;
T_0.0 ;
    %load/vec4 v000002298b9ca7d0_0;
    %assign/vec4 v000002298b9cab90_0, 0;
    %load/vec4 v000002298b8fe080_0;
    %flag_set/vec4 8;
    %jmp/0xz  T_0.2, 8;
    %pushi/vec4 0, 0, 12;
    %assign/vec4 v000002298b9cac30_0, 0;
    %jmp T_0.3;
T_0.2 ;
    %load/vec4 v000002298b951070_0;
    %flag_set/vec4 8;
    %jmp/0xz  T_0.4, 8;
    %load/vec4 v000002298b9cac30_0;
    %addi 1, 0, 12;
    %assign/vec4 v000002298b9cac30_0, 0;
T_0.4 ;
T_0.3 ;
T_0.1 ;
    %end;
    .scope S_000002298b9598b0;
t_0 %join;
    %jmp T_0;
    .thread T_0;
    .scope S_000002298b9598b0;
T_1 ;
Ewait_0 .event/or E_000002298b96b340, E_0x0;
    %wait Ewait_0;
    %fork t_3, S_000002298b959b70;
    %jmp t_2;
    .scope S_000002298b959b70;
t_3 ;
    %pushi/vec4 0, 0, 5;
    %split/vec4 1;
    %store/vec4 v000002298b9caa50_0, 0, 1;
    %split/vec4 1;
    %store/vec4 v000002298b9caf50_0, 0, 1;
    %split/vec4 1;
    %store/vec4 v000002298b9ca230_0, 0, 1;
    %split/vec4 1;
    %store/vec4 v000002298b9ca910_0, 0, 1;
    %store/vec4 v000002298b9ca550_0, 0, 1;
    %pushi/vec4 0, 0, 2;
    %split/vec4 1;
    %store/vec4 v000002298b951070_0, 0, 1;
    %store/vec4 v000002298b8fe080_0, 0, 1;
    %pushi/vec4 4294967295, 4294967295, 32;
    %concati/vec4 4294967295, 4294967295, 32;
    %concati/vec4 65535, 65535, 16;
    %split/vec4 12;
    %store/vec4 v000002298b9caaf0_0, 0, 12;
    %split/vec4 2;
    %store/vec4 v000002298b9ca4b0_0, 0, 2;
    %split/vec4 2;
    %store/vec4 v000002298b9cacd0_0, 0, 2;
    %split/vec4 32;
    %store/vec4 v000002298b9ca2d0_0, 0, 32;
    %store/vec4 v000002298b9ca5f0_0, 0, 32;
    %load/vec4 v000002298b9cab90_0;
    %dup/vec4;
    %pushi/vec4 0, 0, 2;
    %cmp/u;
    %jmp/1 T_1.0, 6;
    %dup/vec4;
    %pushi/vec4 1, 0, 2;
    %cmp/u;
    %jmp/1 T_1.1, 6;
    %dup/vec4;
    %pushi/vec4 3, 0, 2;
    %cmp/u;
    %jmp/1 T_1.2, 6;
    %dup/vec4;
    %pushi/vec4 2, 0, 2;
    %cmp/u;
    %jmp/1 T_1.3, 6;
    %pushi/vec4 0, 0, 2;
    %store/vec4 v000002298b9ca7d0_0, 0, 2;
    %jmp T_1.5;
T_1.0 ;
    %pushi/vec4 1, 0, 1;
    %store/vec4 v000002298b9ca550_0, 0, 1;
    %load/vec4 v000002298b9511b0_0;
    %flag_set/vec4 8;
    %jmp/0xz  T_1.6, 8;
    %pushi/vec4 1, 0, 2;
    %store/vec4 v000002298b9ca7d0_0, 0, 2;
T_1.6 ;
    %jmp T_1.5;
T_1.1 ;
    %pushi/vec4 1, 0, 1;
    %store/vec4 v000002298b9ca550_0, 0, 1;
    %pushi/vec4 1, 0, 1;
    %store/vec4 v000002298b9ca230_0, 0, 1;
    %load/vec4 v000002298b9cac30_0;
    %store/vec4 v000002298b9caaf0_0, 0, 12;
    %load/vec4 v000002298b951110_0;
    %store/vec4 v000002298b9ca2d0_0, 0, 32;
    %load/vec4 v000002298b9cac30_0;
    %pad/u 32;
    %load/vec4 v000002298b9ca0a0_0;
    %pad/u 32;
    %subi 1, 0, 32;
    %cmp/e;
    %jmp/0xz  T_1.8, 4;
    %pushi/vec4 1, 0, 1;
    %store/vec4 v000002298b9caa50_0, 0, 1;
    %pushi/vec4 3, 0, 2;
    %store/vec4 v000002298b9ca7d0_0, 0, 2;
    %pushi/vec4 1, 0, 1;
    %store/vec4 v000002298b8fe080_0, 0, 1;
    %jmp T_1.9;
T_1.8 ;
    %load/vec4 v000002298b9511b0_0;
    %flag_set/vec4 8;
    %jmp/0xz  T_1.10, 8;
    %pushi/vec4 1, 0, 1;
    %store/vec4 v000002298b951070_0, 0, 1;
T_1.10 ;
T_1.9 ;
    %jmp T_1.5;
T_1.2 ;
    %pushi/vec4 1, 0, 1;
    %store/vec4 v000002298b9ca910_0, 0, 1;
    %load/vec4 v000002298b9c9f60_0;
    %flag_set/vec4 9;
    %flag_get/vec4 9;
    %jmp/0 T_1.14, 9;
    %load/vec4 v000002298b951250_0;
    %and;
T_1.14;
    %flag_set/vec4 8;
    %jmp/0xz  T_1.12, 8;
    %pushi/vec4 2, 0, 2;
    %store/vec4 v000002298b9ca7d0_0, 0, 2;
T_1.12 ;
    %jmp T_1.5;
T_1.3 ;
    %pushi/vec4 1, 0, 1;
    %store/vec4 v000002298b9ca910_0, 0, 1;
    %pushi/vec4 1, 0, 1;
    %store/vec4 v000002298b9caf50_0, 0, 1;
    %load/vec4 v000002298b9cac30_0;
    %store/vec4 v000002298b9caaf0_0, 0, 12;
    %load/vec4 v000002298b9ca000_0;
    %store/vec4 v000002298b9ca5f0_0, 0, 32;
    %load/vec4 v000002298b9cac30_0;
    %pad/u 32;
    %load/vec4 v000002298b9ca0a0_0;
    %pad/u 32;
    %subi 1, 0, 32;
    %cmp/e;
    %jmp/0xz  T_1.15, 4;
    %pushi/vec4 1, 0, 1;
    %store/vec4 v000002298b8fe080_0, 0, 1;
    %pushi/vec4 0, 0, 2;
    %store/vec4 v000002298b9ca7d0_0, 0, 2;
    %jmp T_1.16;
T_1.15 ;
    %load/vec4 v000002298b951250_0;
    %flag_set/vec4 8;
    %jmp/0xz  T_1.17, 8;
    %pushi/vec4 1, 0, 1;
    %store/vec4 v000002298b951070_0, 0, 1;
T_1.17 ;
T_1.16 ;
    %jmp T_1.5;
T_1.5 ;
    %pop/vec4 1;
    %end;
    .scope S_000002298b9598b0;
t_2 %join;
    %jmp T_1;
    .thread T_1, $push;
    .scope S_000002298b9cb710;
T_2 ;
    %wait E_000002298b96ba80;
    %load/vec4 v000002298b9ccc80_0;
    %flag_set/vec4 8;
    %jmp/0xz  T_2.0, 8;
    %load/vec4 v000002298b9cae10_0;
    %flag_set/vec4 8;
    %jmp/0xz  T_2.2, 8;
    %load/vec4 v000002298b9ca730_0;
    %load/vec4 v000002298b9ca690_0;
    %pad/u 14;
    %ix/vec4 3;
    %ix/load 4, 0, 0; Constant delay
    %assign/vec4/a/d v000002298b9cb130, 0, 4;
    %jmp T_2.3;
T_2.2 ;
    %load/vec4 v000002298b9cad70_0;
    %flag_set/vec4 8;
    %jmp/0xz  T_2.4, 8;
    %load/vec4 v000002298b9ca690_0;
    %pad/u 14;
    %ix/vec4 4;
    %load/vec4a v000002298b9cb130, 4;
    %assign/vec4 v000002298b9ca9b0_0, 0;
T_2.4 ;
T_2.3 ;
    %jmp T_2.1;
T_2.0 ;
    %load/vec4 v000002298b9cd0e0_0;
    %flag_set/vec4 8;
    %jmp/0xz  T_2.6, 8;
    %load/vec4 v000002298b9cba60_0;
    %pad/u 14;
    %ix/vec4 4;
    %load/vec4a v000002298b9cb130, 4;
    %assign/vec4 v000002298b9cb090_0, 0;
    %jmp T_2.7;
T_2.6 ;
    %load/vec4 v000002298b9caff0_0;
    %load/vec4 v000002298b9caeb0_0;
    %pad/u 14;
    %ix/vec4 3;
    %ix/load 4, 0, 0; Constant delay
    %assign/vec4/a/d v000002298b9cb130, 0, 4;
T_2.7 ;
T_2.1 ;
    %jmp T_2;
    .thread T_2;
    .scope S_000002298b972190;
T_3 ;
    %pushi/vec4 0, 0, 1;
    %store/vec4 v000002298b9cc780_0, 0, 1;
    %pushi/vec4 0, 0, 1;
    %store/vec4 v000002298b9ccaa0_0, 0, 1;
    %pushi/vec4 0, 0, 32;
    %store/vec4 v000002298b9cc820_0, 0, 32;
    %pushi/vec4 0, 0, 1;
    %store/vec4 v000002298b9ccb40_0, 0, 1;
    %pushi/vec4 0, 0, 12;
    %store/vec4 v000002298b9cc960_0, 0, 12;
T_3.0 ;
    %delay 5000, 0;
    %load/vec4 v000002298b9cc780_0;
    %inv;
    %store/vec4 v000002298b9cc780_0, 0, 1;
    %jmp T_3.0;
    %end;
    .thread T_3;
    .scope S_000002298b972190;
T_4 ;
    %wait E_000002298b96ba80;
    ; show_stmt_assign_vector: Get l-value for compressed += operand
    %load/vec4 v000002298b9cc820_0;
    %pushi/vec4 1, 0, 32;
    %add;
    %store/vec4 v000002298b9cc820_0, 0, 32;
    %jmp T_4;
    .thread T_4;
    .scope S_000002298b972190;
T_5 ;
    %wait E_000002298b96c140;
    %pushi/vec4 1, 0, 1;
    %store/vec4 v000002298b9ccaa0_0, 0, 1;
    %wait E_000002298b96ba80;
    %pushi/vec4 10, 0, 12;
    %store/vec4 v000002298b9cc960_0, 0, 12;
    %pushi/vec4 1, 0, 1;
    %store/vec4 v000002298b9cc3c0_0, 0, 1;
    %load/vec4 v000002298b9cc960_0;
T_5.0 %dup/vec4;
    %pushi/vec4 0, 0, 12;
    %cmp/u;
    %jmp/1 T_5.1, 4;
    %pushi/vec4 1, 0, 12;
    %sub;
    %wait E_000002298b96ba80;
    %jmp T_5.0;
T_5.1 ;
    %pop/vec4 1;
    %pushi/vec4 0, 0, 1;
    %store/vec4 v000002298b9cc3c0_0, 0, 1;
    %pushi/vec4 1, 0, 1;
    %store/vec4 v000002298b9cd2c0_0, 0, 1;
    %wait E_000002298b96ba80;
    %pushi/vec4 1, 0, 1;
    %store/vec4 v000002298b9ccb40_0, 0, 1;
    %load/vec4 v000002298b9cc960_0;
T_5.2 %dup/vec4;
    %pushi/vec4 0, 0, 12;
    %cmp/u;
    %jmp/1 T_5.3, 4;
    %pushi/vec4 1, 0, 12;
    %sub;
    %wait E_000002298b96ba80;
    %jmp T_5.2;
T_5.3 ;
    %pop/vec4 1;
    %wait E_000002298b96ba80;
    %wait E_000002298b96ba80;
    %vpi_call/w 4 76 "$finish" {0 0 0};
    %end;
    .thread T_5;
    .scope S_000002298b972190;
T_6 ;
    %vpi_call/w 4 80 "$dumpfile", "bridge.vcd" {0 0 0};
    %vpi_call/w 4 81 "$dumpvars", 32'sb00000000000000000000000000000000, S_000002298b9598b0 {0 0 0};
    %end;
    .thread T_6;
# The file index is used to find the file name in the following table.
:file_names 7;
    "N/A";
    "<interactive>";
    "-";
    "./Axi_Bridge_fsm.sv";
    "axi_tb.sv";
    "./Axi_Bridge.sv";
    "./RAM.sv";
